============================= test session starts =============================
platform win32 -- Python 3.14.3, pytest-9.0.2, pluggy-1.6.0
rootdir: C:\Users\natha\OneDrive\Documents\cloud
configfile: pyproject.toml
plugins: anyio-4.13.0, asyncio-1.3.0
asyncio: mode=Mode.STRICT, debug=False, asyncio_default_fixture_loop_scope=None, asyncio_default_test_loop_scope=function
collected 8 items

tests\test_p5_t04_unauthorized_fixture.py ........                       [100%]

============================== 8 passed in 0.08s ==============================
